#-----------------------------------------------------------
# Vivado v2018.2 (64-bit)
# SW Build 2258646 on Thu Jun 14 20:02:38 MDT 2018
# IP Build 2256618 on Thu Jun 14 22:10:49 MDT 2018
# Start of session at: Wed Jan 27 16:06:26 2021
# Process ID: 83733
# Current directory: /home/merl-lab/fyp/fpnew
# Command line: vivado
# Log file: /home/merl-lab/fyp/fpnew/vivado.log
# Journal file: /home/merl-lab/fyp/fpnew/vivado.jou
#-----------------------------------------------------------
start_gui
create_project fpnew {/home/merl-lab/Documents/Vivado Projects/fpnew} -part xc7a35ticsg324-1L
INFO: [IP_Flow 19-234] Refreshing IP repositories
INFO: [IP_Flow 19-1704] No user IP repositories specified
INFO: [IP_Flow 19-2313] Loaded Vivado IP repository '/opt/Xilinx/Vivado/2018.2/data/ip'.
create_project: Time (s): cpu = 00:00:16 ; elapsed = 00:00:07 . Memory (MB): peak = 6180.496 ; gain = 96.801 ; free physical = 726 ; free virtual = 7751
add_files -norecurse {/home/merl-lab/fyp/fpnew/src/fpu_div_sqrt_mvp/hdl/iteration_div_sqrt_mvp.sv /home/merl-lab/fyp/fpnew/src/fpu_div_sqrt_mvp/hdl/div_sqrt_mvp_wrapper.sv /home/merl-lab/fyp/fpnew/src/fpnew_divsqrt_multi.sv /home/merl-lab/fyp/fpnew/src/fpu_div_sqrt_mvp/hdl/nrbd_nrsc_mvp.sv /home/merl-lab/fyp/fpnew/src/fpnew_rounding.sv /home/merl-lab/fyp/fpnew/src/fpu_div_sqrt_mvp/hdl/div_sqrt_top_mvp.sv /home/merl-lab/fyp/fpnew/src/fpu_div_sqrt_mvp/hdl/defs_div_sqrt_mvp.sv /home/merl-lab/fyp/fpnew/src/fpu_div_sqrt_mvp/hdl/norm_div_sqrt_mvp.sv /home/merl-lab/fyp/fpnew/src/fpu_div_sqrt_mvp/hdl/control_mvp.sv /home/merl-lab/fyp/fpnew/src/fpnew_fma.sv /home/merl-lab/fyp/fpnew/src/fpnew_opgroup_multifmt_slice.sv /home/merl-lab/fyp/fpnew/src/fpnew_top.sv /home/merl-lab/fyp/fpnew/src/fpnew_pkg.sv /home/merl-lab/fyp/fpnew/src/fpnew_opgroup_fmt_slice.sv /home/merl-lab/fyp/fpnew/src/fpnew_classifier.sv /home/merl-lab/fyp/fpnew/src/fpu_div_sqrt_mvp/hdl/preprocess_mvp.sv /home/merl-lab/fyp/fpnew/src/fpnew_noncomp.sv /home/merl-lab/fyp/fpnew/src/fpnew_opgroup_block.sv /home/merl-lab/fyp/fpnew/src/fpnew_fma_multi.sv /home/merl-lab/fyp/fpnew/src/fpnew_cast_multi.sv}
import_files -force -norecurse
INFO: [filemgmt 20-348] Importing the appropriate files for fileset: 'sources_1'
update_compile_order -fileset sources_1
update_compile_order -fileset sources_1
import_files -norecurse {/home/merl-lab/fyp/fpnew/src/common_cells/src/ecc_pkg.sv /home/merl-lab/fyp/fpnew/src/common_cells/src/stream_filter.sv /home/merl-lab/fyp/fpnew/src/common_cells/src/sync.sv /home/merl-lab/fyp/fpnew/src/common_cells/src/unread.sv /home/merl-lab/fyp/fpnew/src/common_cells/src/stream_xbar.sv /home/merl-lab/fyp/fpnew/src/common_cells/src/sync_wedge.sv /home/merl-lab/fyp/fpnew/src/common_cells/src/rstgen_bypass.sv /home/merl-lab/fyp/fpnew/src/common_cells/src/stream_fork.sv /home/merl-lab/fyp/fpnew/src/common_cells/src/lfsr.sv /home/merl-lab/fyp/fpnew/src/common_cells/src/lzc.sv /home/merl-lab/fyp/fpnew/src/common_cells/src/stream_fork_dynamic.sv /home/merl-lab/fyp/fpnew/src/common_cells/src/binary_to_gray.sv /home/merl-lab/fyp/fpnew/src/common_cells/src/sub_per_hash.sv /home/merl-lab/fyp/fpnew/src/common_cells/src/cdc_fifo_2phase.sv /home/merl-lab/fyp/fpnew/src/common_cells/src/cf_math_pkg.sv /home/merl-lab/fyp/fpnew/src/common_cells/src/stream_join.sv /home/merl-lab/fyp/fpnew/src/common_cells/src/id_queue.sv /home/merl-lab/fyp/fpnew/src/common_cells/src/edge_propagator_rx.sv /home/merl-lab/fyp/fpnew/src/common_cells/src/delta_counter.sv /home/merl-lab/fyp/fpnew/src/common_cells/src/ecc_encode.sv /home/merl-lab/fyp/fpnew/src/common_cells/src/cb_filter.sv /home/merl-lab/fyp/fpnew/src/common_cells/src/onehot_to_bin.sv /home/merl-lab/fyp/fpnew/src/common_cells/src/mv_filter.sv /home/merl-lab/fyp/fpnew/src/common_cells/src/shift_reg.sv /home/merl-lab/fyp/fpnew/src/common_cells/src/edge_propagator_tx.sv /home/merl-lab/fyp/fpnew/src/common_cells/src/serial_deglitch.sv /home/merl-lab/fyp/fpnew/src/common_cells/src/clk_div.sv /home/merl-lab/fyp/fpnew/src/common_cells/src/fall_through_register.sv /home/merl-lab/fyp/fpnew/src/common_cells/src/spill_register.sv /home/merl-lab/fyp/fpnew/src/common_cells/src/stream_mux.sv /home/merl-lab/fyp/fpnew/src/common_cells/src/ecc_decode.sv /home/merl-lab/fyp/fpnew/src/common_cells/src/exp_backoff.sv /home/merl-lab/fyp/fpnew/src/common_cells/src/stream_arbiter_flushable.sv /home/merl-lab/fyp/fpnew/src/common_cells/src/cdc_fifo_gray.sv /home/merl-lab/fyp/fpnew/src/common_cells/src/rstgen.sv /home/merl-lab/fyp/fpnew/src/common_cells/src/stream_demux.sv /home/merl-lab/fyp/fpnew/src/common_cells/src/rr_arb_tree.sv /home/merl-lab/fyp/fpnew/src/common_cells/src/cdc_2phase.sv /home/merl-lab/fyp/fpnew/src/common_cells/src/stream_intf.sv /home/merl-lab/fyp/fpnew/src/common_cells/src/stream_delay.sv /home/merl-lab/fyp/fpnew/src/common_cells/src/stream_omega_net.sv /home/merl-lab/fyp/fpnew/src/common_cells/src/edge_propagator.sv /home/merl-lab/fyp/fpnew/src/common_cells/src/cb_filter_pkg.sv /home/merl-lab/fyp/fpnew/src/common_cells/src/gray_to_binary.sv /home/merl-lab/fyp/fpnew/src/common_cells/src/isochronous_spill_register.sv /home/merl-lab/fyp/fpnew/src/common_cells/src/popcount.sv /home/merl-lab/fyp/fpnew/src/common_cells/src/addr_decode.sv /home/merl-lab/fyp/fpnew/src/common_cells/src/stream_arbiter.sv /home/merl-lab/fyp/fpnew/src/common_cells/src/counter.sv /home/merl-lab/fyp/fpnew/src/common_cells/src/lfsr_8bit.sv /home/merl-lab/fyp/fpnew/src/common_cells/src/max_counter.sv /home/merl-lab/fyp/fpnew/src/common_cells/src/stream_to_mem.sv /home/merl-lab/fyp/fpnew/src/common_cells/src/stream_register.sv /home/merl-lab/fyp/fpnew/src/common_cells/src/plru_tree.sv /home/merl-lab/fyp/fpnew/src/common_cells/src/edge_detect.sv /home/merl-lab/fyp/fpnew/src/common_cells/src/lfsr_16bit.sv /home/merl-lab/fyp/fpnew/src/common_cells/src/fifo_v3.sv /home/merl-lab/fyp/fpnew/src/common_cells/src/stream_fifo.sv}
update_compile_order -fileset sources_1
import_files -norecurse {/home/merl-lab/fyp/fpnew/src/common_cells/src/deprecated/generic_LFSR_8bit.sv /home/merl-lab/fyp/fpnew/src/common_cells/src/deprecated/clock_divider.sv /home/merl-lab/fyp/fpnew/src/common_cells/src/deprecated/generic_fifo_adv.sv /home/merl-lab/fyp/fpnew/src/common_cells/src/deprecated/pulp_sync.sv /home/merl-lab/fyp/fpnew/src/common_cells/src/deprecated/pulp_sync_wedge.sv /home/merl-lab/fyp/fpnew/src/common_cells/src/deprecated/clock_divider_counter.sv /home/merl-lab/fyp/fpnew/src/common_cells/src/deprecated/rrarbiter.sv /home/merl-lab/fyp/fpnew/src/common_cells/src/deprecated/sram.sv /home/merl-lab/fyp/fpnew/src/common_cells/src/deprecated/find_first_one.sv /home/merl-lab/fyp/fpnew/src/common_cells/src/deprecated/generic_fifo.sv /home/merl-lab/fyp/fpnew/src/common_cells/src/deprecated/prioarbiter.sv /home/merl-lab/fyp/fpnew/src/common_cells/src/deprecated/fifo_v1.sv /home/merl-lab/fyp/fpnew/src/common_cells/src/deprecated/fifo_v2.sv}
update_compile_order -fileset sources_1
set_property top fpnew_top [current_fileset]
update_compile_order -fileset sources_1
exit
INFO: [Common 17-206] Exiting Vivado at Fri Jan 29 00:12:18 2021...
